#
# There is insufficient memory for the Java Runtime Environment to continue.
# Native memory allocation (malloc) failed to allocate 1924928 bytes for Chunk::new
# Possible reasons:
#   The system is out of physical RAM or swap space
#   The process is running with CompressedOops enabled, and the Java Heap may be blocking the growth of the native heap
# Possible solutions:
#   Reduce memory load on the system
#   Increase physical memory or swap space
#   Check if swap backing store is full
#   Decrease Java heap size (-Xmx/-Xms)
#   Decrease number of Java threads
#   Decrease Java thread stack sizes (-Xss)
#   Set larger code cache with -XX:ReservedCodeCacheSize=
#   JVM is running with Unscaled Compressed Oops mode in which the Java heap is
#     placed in the first 4GB address space. The Java Heap base address is the
#     maximum limit for the native heap growth. Please use -XX:HeapBaseMinAddress
#     to set the Java Heap base and to place the Java Heap above 4GB virtual address.
# This output file may be truncated or incomplete.
#
#  Out of Memory Error (arena.cpp:168), pid=19304, tid=14964
#
# JRE version: OpenJDK Runtime Environment Zulu21.30+15-CA (21.0.1+12) (build 21.0.1+12-LTS)
# Java VM: OpenJDK 64-Bit Server VM Zulu21.30+15-CA (21.0.1+12-LTS, mixed mode, sharing, tiered, compressed oops, compressed class ptrs, g1 gc, windows-amd64)
# No core dump will be written. Minidumps are not enabled by default on client versions of Windows
#

---------------  S U M M A R Y ------------

Command Line: -javaagent:F:\ideaIU-2024.1.1.win\lib\idea_rt.jar=50712:F:\ideaIU-2024.1.1.win\bin -Dfile.encoding=UTF-8 -Dsun.stdout.encoding=UTF-8 -Dsun.stderr.encoding=UTF-8 --module-path=C:\Users\HP\.m2\repository\org\openjfx\javafx-fxml\21\javafx-fxml-21-win.jar;C:\Users\HP\.m2\repository\org\openjfx\javafx-controls\21\javafx-controls-21-win.jar;C:\Users\HP\Desktop\Let's hope it works\intilij\PharmacyV1\target\classes;C:\Users\HP\.m2\repository\org\openjfx\javafx-base\21\javafx-base-21-win.jar;C:\Users\HP\.m2\repository\org\openjfx\javafx-graphics\21\javafx-graphics-21-win.jar -Djdk.module.main=project.pharmacyv1 project.pharmacyv1/project.pharmacyv1.Main

Host: 11th Gen Intel(R) Core(TM) i5-1135G7 @ 2.40GHz, 8 cores, 7G,  Windows 11 , 64 bit Build 22621 (10.0.22621.3374)
Time: Sat May  4 06:42:17 2024 Egypt Daylight Time elapsed time: 3.038429 seconds (0d 0h 0m 3s)

---------------  T H R E A D  ---------------

Current thread (0x0000022d93303a90):  JavaThread "C2 CompilerThread1" daemon [_thread_in_native, id=14964, stack(0x00000043c0f00000,0x00000043c1000000) (1024K)]


Current CompileTask:
C2:   3038 2627 %     4       com.sun.marlin.Renderer::_endRendering @ 1031 (2639 bytes)

Stack: [0x00000043c0f00000,0x00000043c1000000]
Native frames: (J=compiled Java code, j=interpreted, Vv=VM code, C=native code)
V  [jvm.dll+0x6cea19]
V  [jvm.dll+0x8a9ef1]
V  [jvm.dll+0x8ac1ce]
V  [jvm.dll+0x8ac8b3]
V  [jvm.dll+0x283e46]
V  [jvm.dll+0xc5a4d]
V  [jvm.dll+0xc5f63]
V  [jvm.dll+0x3b90cc]
V  [jvm.dll+0x1e42f9]
V  [jvm.dll+0x24c4d2]
V  [jvm.dll+0x24b961]
V  [jvm.dll+0x1cbe11]
V  [jvm.dll+0x25b089]
V  [jvm.dll+0x25966a]
V  [jvm.dll+0x3f2bd6]
V  [jvm.dll+0x8526e8]
V  [jvm.dll+0x6cd16d]
C  [ucrtbase.dll+0x29333]
C  [KERNEL32.DLL+0x1257d]
C  [ntdll.dll+0x5aa48]


---------------  P R O C E S S  ---------------

Threads class SMR info:
_java_thread_list=0x0000022d93744cc0, length=20, elements={
0x0000022d2d88eca0, 0x0000022d4d5cccb0, 0x0000022d4d5cdac0, 0x0000022d4d5d10b0,
0x0000022d4d5d1c00, 0x0000022d4d5d2750, 0x0000022d4d5d5420, 0x0000022d4d5e2fe0,
0x0000022d4d5e5bc0, 0x0000022d4d7df220, 0x0000022d4d9d9730, 0x0000022d930511a0,
0x0000022d931cd380, 0x0000022d932297e0, 0x0000022d9326e700, 0x0000022d93713a60,
0x0000022d93708a20, 0x0000022d93303a90, 0x0000022d98a8f7a0, 0x0000022d93745d70
}

Java Threads: ( => current thread )
  0x0000022d2d88eca0 JavaThread "main"                              [_thread_blocked, id=11876, stack(0x00000043bf400000,0x00000043bf500000) (1024K)]
  0x0000022d4d5cccb0 JavaThread "Reference Handler"          daemon [_thread_blocked, id=3780, stack(0x00000043bfc00000,0x00000043bfd00000) (1024K)]
  0x0000022d4d5cdac0 JavaThread "Finalizer"                  daemon [_thread_blocked, id=4688, stack(0x00000043bfd00000,0x00000043bfe00000) (1024K)]
  0x0000022d4d5d10b0 JavaThread "Signal Dispatcher"          daemon [_thread_blocked, id=24452, stack(0x00000043bfe00000,0x00000043bff00000) (1024K)]
  0x0000022d4d5d1c00 JavaThread "Attach Listener"            daemon [_thread_blocked, id=23984, stack(0x00000043bff00000,0x00000043c0000000) (1024K)]
  0x0000022d4d5d2750 JavaThread "Service Thread"             daemon [_thread_blocked, id=10212, stack(0x00000043c0000000,0x00000043c0100000) (1024K)]
  0x0000022d4d5d5420 JavaThread "Monitor Deflation Thread"   daemon [_thread_blocked, id=26288, stack(0x00000043c0100000,0x00000043c0200000) (1024K)]
  0x0000022d4d5e2fe0 JavaThread "C2 CompilerThread0"         daemon [_thread_in_native, id=25212, stack(0x00000043c0200000,0x00000043c0300000) (1024K)]
  0x0000022d4d5e5bc0 JavaThread "C1 CompilerThread0"         daemon [_thread_in_native, id=27188, stack(0x00000043c0300000,0x00000043c0400000) (1024K)]
  0x0000022d4d7df220 JavaThread "Common-Cleaner"             daemon [_thread_blocked, id=26368, stack(0x00000043c0400000,0x00000043c0500000) (1024K)]
  0x0000022d4d9d9730 JavaThread "Monitor Ctrl-Break"         daemon [_thread_in_native, id=23972, stack(0x00000043c0600000,0x00000043c0700000) (1024K)]
  0x0000022d930511a0 JavaThread "Notification Thread"        daemon [_thread_blocked, id=21200, stack(0x00000043c0700000,0x00000043c0800000) (1024K)]
  0x0000022d931cd380 JavaThread "QuantumRenderer-0"          daemon [_thread_in_native, id=16628, stack(0x00000043c0800000,0x00000043c0900000) (1024K)]
  0x0000022d932297e0 JavaThread "InvokeLaterDispatcher"      daemon [_thread_blocked, id=27140, stack(0x00000043c0500000,0x00000043c0600000) (1024K)]
  0x0000022d9326e700 JavaThread "JavaFX Application Thread"         [_thread_blocked, id=24064, stack(0x00000043c0900000,0x00000043c0a00000) (1024K)]
  0x0000022d93713a60 JavaThread "Thread-1"                   daemon [_thread_in_native, id=22744, stack(0x00000043c0d00000,0x00000043c0e00000) (1024K)]
  0x0000022d93708a20 JavaThread "JavaFX-Launcher"                   [_thread_blocked, id=5228, stack(0x00000043c0e00000,0x00000043c0f00000) (1024K)]
=>0x0000022d93303a90 JavaThread "C2 CompilerThread1"         daemon [_thread_in_native, id=14964, stack(0x00000043c0f00000,0x00000043c1000000) (1024K)]
  0x0000022d98a8f7a0 JavaThread "Prism Font Disposer"        daemon [_thread_blocked, id=23896, stack(0x00000043c1700000,0x00000043c1800000) (1024K)]
  0x0000022d93745d70 JavaThread "Cleaner-0"                  daemon [_thread_blocked, id=4604, stack(0x00000043c1c00000,0x00000043c1d00000) (1024K)]
Total: 20

Other Threads:
  0x0000022d4d5b0c70 VMThread "VM Thread"                           [id=19952, stack(0x00000043bfb00000,0x00000043bfc00000) (1024K)]
  0x0000022d4d59c280 WatcherThread "VM Periodic Task Thread"        [id=20476, stack(0x00000043bfa00000,0x00000043bfb00000) (1024K)]
  0x0000022d2fa8e4f0 WorkerThread "GC Thread#0"                     [id=24132, stack(0x00000043bf500000,0x00000043bf600000) (1024K)]
  0x0000022d4d5b1010 WorkerThread "GC Thread#1"                     [id=27236, stack(0x00000043c1000000,0x00000043c1100000) (1024K)]
  0x0000022d4d5b0190 WorkerThread "GC Thread#2"                     [id=7196, stack(0x00000043c1100000,0x00000043c1200000) (1024K)]
  0x0000022d4d5b0530 WorkerThread "GC Thread#3"                     [id=26360, stack(0x00000043c1200000,0x00000043c1300000) (1024K)]
  0x0000022d4d5b08d0 WorkerThread "GC Thread#4"                     [id=7896, stack(0x00000043c1300000,0x00000043c1400000) (1024K)]
  0x0000022d98384f50 WorkerThread "GC Thread#5"                     [id=19652, stack(0x00000043c1400000,0x00000043c1500000) (1024K)]
  0x0000022d983835f0 WorkerThread "GC Thread#6"                     [id=16868, stack(0x00000043c1500000,0x00000043c1600000) (1024K)]
  0x0000022d98381c90 WorkerThread "GC Thread#7"                     [id=18540, stack(0x00000043c1600000,0x00000043c1700000) (1024K)]
  0x0000022d2fa9fe90 ConcurrentGCThread "G1 Main Marker"            [id=1300, stack(0x00000043bf600000,0x00000043bf700000) (1024K)]
  0x0000022d2faa1130 WorkerThread "G1 Conc#0"                       [id=2004, stack(0x00000043bf700000,0x00000043bf800000) (1024K)]
  0x0000022d4d467510 ConcurrentGCThread "G1 Refine#0"               [id=18648, stack(0x00000043bf800000,0x00000043bf900000) (1024K)]
  0x0000022d2faee290 ConcurrentGCThread "G1 Service"                [id=17376, stack(0x00000043bf900000,0x00000043bfa00000) (1024K)]
Total: 14

Threads with active compile tasks:
C2 CompilerThread0     3072 2956   !   4       com.sun.javafx.geom.Curve::compareTo (827 bytes)
C2 CompilerThread1     3072 2627 %     4       com.sun.marlin.Renderer::_endRendering @ 1031 (2639 bytes)
Total: 2

VM state: not at safepoint (normal execution)

VM Mutex/Monitor currently owned by a thread: None

Heap address: 0x0000000084000000, size: 1984 MB, Compressed Oops mode: 32-bit

CDS archive(s) mapped at: [0x0000022d4e000000-0x0000022d4ec90000-0x0000022d4ec90000), size 13172736, SharedBaseAddress: 0x0000022d4e000000, ArchiveRelocationMode: 1.
Compressed class space mapped at: 0x0000022d4f000000-0x0000022d8f000000, reserved size: 1073741824
Narrow klass base: 0x0000022d4e000000, Narrow klass shift: 0, Narrow klass range: 0x100000000

GC Precious Log:
 CardTable entry size: 512
 Card Set container configuration: InlinePtr #cards 5 size 8 Array Of Cards #cards 12 size 40 Howl #buckets 4 coarsen threshold 1843 Howl Bitmap #cards 512 size 80 coarsen threshold 460 Card regions per heap region 1 cards per card region 2048
 CPUs: 8 total, 8 available
 Memory: 7932M
 Large Page Support: Disabled
 NUMA Support: Disabled
 Compressed Oops: Enabled (32-bit)
 Heap Region Size: 1M
 Heap Min Capacity: 8M
 Heap Initial Capacity: 124M
 Heap Max Capacity: 1984M
 Pre-touch: Disabled
 Parallel Workers: 8
 Concurrent Workers: 2
 Concurrent Refinement Workers: 8
 Periodic GC: Disabled

Heap:
 garbage-first heap   total 126976K, used 32213K [0x0000000084000000, 0x0000000100000000)
  region size 1024K, 16 young (16384K), 3 survivors (3072K)
 Metaspace       used 16524K, committed 16960K, reserved 1114112K
  class space    used 2345K, committed 2560K, reserved 1048576K

Heap Regions: E=young(eden), S=young(survivor), O=old, HS=humongous(starts), HC=humongous(continues), CS=collection set, F=free, TAMS=top-at-mark-start, PB=parsable bottom
|   0|0x0000000084000000, 0x0000000084100000, 0x0000000084100000|100%|HS|  |TAMS 0x0000000084000000| PB 0x0000000084000000| Complete 
|   1|0x0000000084100000, 0x0000000084200000, 0x0000000084200000|100%|HS|  |TAMS 0x0000000084100000| PB 0x0000000084100000| Complete 
|   2|0x0000000084200000, 0x0000000084300000, 0x0000000084300000|100%|HS|  |TAMS 0x0000000084200000| PB 0x0000000084200000| Complete 
|   3|0x0000000084300000, 0x0000000084400000, 0x0000000084400000|100%|HS|  |TAMS 0x0000000084300000| PB 0x0000000084300000| Complete 
|   4|0x0000000084400000, 0x0000000084500000, 0x0000000084500000|100%|HS|  |TAMS 0x0000000084400000| PB 0x0000000084400000| Complete 
|   5|0x0000000084500000, 0x0000000084600000, 0x0000000084600000|100%|HS|  |TAMS 0x0000000084500000| PB 0x0000000084500000| Complete 
|   6|0x0000000084600000, 0x0000000084700000, 0x0000000084700000|100%|HS|  |TAMS 0x0000000084600000| PB 0x0000000084600000| Complete 
|   7|0x0000000084700000, 0x0000000084800000, 0x0000000084800000|100%|HS|  |TAMS 0x0000000084700000| PB 0x0000000084700000| Complete 
|   8|0x0000000084800000, 0x0000000084900000, 0x0000000084900000|100%|HS|  |TAMS 0x0000000084800000| PB 0x0000000084800000| Complete 
|   9|0x0000000084900000, 0x0000000084a00000, 0x0000000084a00000|100%|HS|  |TAMS 0x0000000084900000| PB 0x0000000084900000| Complete 
|  10|0x0000000084a00000, 0x0000000084b00000, 0x0000000084b00000|100%|HS|  |TAMS 0x0000000084a00000| PB 0x0000000084a00000| Complete 
|  11|0x0000000084b00000, 0x0000000084c00000, 0x0000000084c00000|100%|HS|  |TAMS 0x0000000084b00000| PB 0x0000000084b00000| Complete 
|  12|0x0000000084c00000, 0x0000000084d00000, 0x0000000084d00000|100%| O|  |TAMS 0x0000000084c00000| PB 0x0000000084c00000| Untracked 
|  13|0x0000000084d00000, 0x0000000084e00000, 0x0000000084e00000|100%| O|  |TAMS 0x0000000084d00000| PB 0x0000000084d00000| Untracked 
|  14|0x0000000084e00000, 0x0000000084e754e0, 0x0000000084f00000| 45%| O|  |TAMS 0x0000000084e00000| PB 0x0000000084e00000| Untracked 
|  15|0x0000000084f00000, 0x0000000085000000, 0x0000000085000000|100%|HS|  |TAMS 0x0000000084f00000| PB 0x0000000084f00000| Complete 
|  16|0x0000000085000000, 0x0000000085100000, 0x0000000085100000|100%|HC|  |TAMS 0x0000000085000000| PB 0x0000000085000000| Complete 
|  17|0x0000000085100000, 0x0000000085100000, 0x0000000085200000|  0%| F|  |TAMS 0x0000000085100000| PB 0x0000000085100000| Untracked 
|  18|0x0000000085200000, 0x0000000085200000, 0x0000000085300000|  0%| F|  |TAMS 0x0000000085200000| PB 0x0000000085200000| Untracked 
|  19|0x0000000085300000, 0x0000000085300000, 0x0000000085400000|  0%| F|  |TAMS 0x0000000085300000| PB 0x0000000085300000| Untracked 
|  20|0x0000000085400000, 0x0000000085400000, 0x0000000085500000|  0%| F|  |TAMS 0x0000000085400000| PB 0x0000000085400000| Untracked 
|  21|0x0000000085500000, 0x0000000085500000, 0x0000000085600000|  0%| F|  |TAMS 0x0000000085500000| PB 0x0000000085500000| Untracked 
|  22|0x0000000085600000, 0x0000000085600000, 0x0000000085700000|  0%| F|  |TAMS 0x0000000085600000| PB 0x0000000085600000| Untracked 
|  23|0x0000000085700000, 0x0000000085700000, 0x0000000085800000|  0%| F|  |TAMS 0x0000000085700000| PB 0x0000000085700000| Untracked 
|  24|0x0000000085800000, 0x0000000085800000, 0x0000000085900000|  0%| F|  |TAMS 0x0000000085800000| PB 0x0000000085800000| Untracked 
|  25|0x0000000085900000, 0x0000000085900000, 0x0000000085a00000|  0%| F|  |TAMS 0x0000000085900000| PB 0x0000000085900000| Untracked 
|  26|0x0000000085a00000, 0x0000000085a00000, 0x0000000085b00000|  0%| F|  |TAMS 0x0000000085a00000| PB 0x0000000085a00000| Untracked 
|  27|0x0000000085b00000, 0x0000000085b00000, 0x0000000085c00000|  0%| F|  |TAMS 0x0000000085b00000| PB 0x0000000085b00000| Untracked 
|  28|0x0000000085c00000, 0x0000000085c00000, 0x0000000085d00000|  0%| F|  |TAMS 0x0000000085c00000| PB 0x0000000085c00000| Untracked 
|  29|0x0000000085d00000, 0x0000000085d00000, 0x0000000085e00000|  0%| F|  |TAMS 0x0000000085d00000| PB 0x0000000085d00000| Untracked 
|  30|0x0000000085e00000, 0x0000000085e00000, 0x0000000085f00000|  0%| F|  |TAMS 0x0000000085e00000| PB 0x0000000085e00000| Untracked 
|  31|0x0000000085f00000, 0x0000000085f00000, 0x0000000086000000|  0%| F|  |TAMS 0x0000000085f00000| PB 0x0000000085f00000| Untracked 
|  32|0x0000000086000000, 0x0000000086000000, 0x0000000086100000|  0%| F|  |TAMS 0x0000000086000000| PB 0x0000000086000000| Untracked 
|  33|0x0000000086100000, 0x0000000086100000, 0x0000000086200000|  0%| F|  |TAMS 0x0000000086100000| PB 0x0000000086100000| Untracked 
|  34|0x0000000086200000, 0x0000000086200000, 0x0000000086300000|  0%| F|  |TAMS 0x0000000086200000| PB 0x0000000086200000| Untracked 
|  35|0x0000000086300000, 0x0000000086300000, 0x0000000086400000|  0%| F|  |TAMS 0x0000000086300000| PB 0x0000000086300000| Untracked 
|  36|0x0000000086400000, 0x0000000086400000, 0x0000000086500000|  0%| F|  |TAMS 0x0000000086400000| PB 0x0000000086400000| Untracked 
|  37|0x0000000086500000, 0x0000000086500000, 0x0000000086600000|  0%| F|  |TAMS 0x0000000086500000| PB 0x0000000086500000| Untracked 
|  38|0x0000000086600000, 0x0000000086600000, 0x0000000086700000|  0%| F|  |TAMS 0x0000000086600000| PB 0x0000000086600000| Untracked 
|  39|0x0000000086700000, 0x0000000086700000, 0x0000000086800000|  0%| F|  |TAMS 0x0000000086700000| PB 0x0000000086700000| Untracked 
|  40|0x0000000086800000, 0x0000000086800000, 0x0000000086900000|  0%| F|  |TAMS 0x0000000086800000| PB 0x0000000086800000| Untracked 
|  41|0x0000000086900000, 0x0000000086900000, 0x0000000086a00000|  0%| F|  |TAMS 0x0000000086900000| PB 0x0000000086900000| Untracked 
|  42|0x0000000086a00000, 0x0000000086a00000, 0x0000000086b00000|  0%| F|  |TAMS 0x0000000086a00000| PB 0x0000000086a00000| Untracked 
|  43|0x0000000086b00000, 0x0000000086b00000, 0x0000000086c00000|  0%| F|  |TAMS 0x0000000086b00000| PB 0x0000000086b00000| Untracked 
|  44|0x0000000086c00000, 0x0000000086c00000, 0x0000000086d00000|  0%| F|  |TAMS 0x0000000086c00000| PB 0x0000000086c00000| Untracked 
|  45|0x0000000086d00000, 0x0000000086d00000, 0x0000000086e00000|  0%| F|  |TAMS 0x0000000086d00000| PB 0x0000000086d00000| Untracked 
|  46|0x0000000086e00000, 0x0000000086e00000, 0x0000000086f00000|  0%| F|  |TAMS 0x0000000086e00000| PB 0x0000000086e00000| Untracked 
|  47|0x0000000086f00000, 0x0000000086f00000, 0x0000000087000000|  0%| F|  |TAMS 0x0000000086f00000| PB 0x0000000086f00000| Untracked 
|  48|0x0000000087000000, 0x0000000087000000, 0x0000000087100000|  0%| F|  |TAMS 0x0000000087000000| PB 0x0000000087000000| Untracked 
|  49|0x0000000087100000, 0x0000000087100000, 0x0000000087200000|  0%| F|  |TAMS 0x0000000087100000| PB 0x0000000087100000| Untracked 
|  50|0x0000000087200000, 0x0000000087200000, 0x0000000087300000|  0%| F|  |TAMS 0x0000000087200000| PB 0x0000000087200000| Untracked 
|  51|0x0000000087300000, 0x0000000087300000, 0x0000000087400000|  0%| F|  |TAMS 0x0000000087300000| PB 0x0000000087300000| Untracked 
|  52|0x0000000087400000, 0x0000000087400000, 0x0000000087500000|  0%| F|  |TAMS 0x0000000087400000| PB 0x0000000087400000| Untracked 
|  53|0x0000000087500000, 0x0000000087500000, 0x0000000087600000|  0%| F|  |TAMS 0x0000000087500000| PB 0x0000000087500000| Untracked 
|  54|0x0000000087600000, 0x0000000087600000, 0x0000000087700000|  0%| F|  |TAMS 0x0000000087600000| PB 0x0000000087600000| Untracked 
|  55|0x0000000087700000, 0x0000000087700000, 0x0000000087800000|  0%| F|  |TAMS 0x0000000087700000| PB 0x0000000087700000| Untracked 
|  56|0x0000000087800000, 0x0000000087800000, 0x0000000087900000|  0%| F|  |TAMS 0x0000000087800000| PB 0x0000000087800000| Untracked 
|  57|0x0000000087900000, 0x0000000087900000, 0x0000000087a00000|  0%| F|  |TAMS 0x0000000087900000| PB 0x0000000087900000| Untracked 
|  58|0x0000000087a00000, 0x0000000087a00000, 0x0000000087b00000|  0%| F|  |TAMS 0x0000000087a00000| PB 0x0000000087a00000| Untracked 
|  59|0x0000000087b00000, 0x0000000087b00000, 0x0000000087c00000|  0%| F|  |TAMS 0x0000000087b00000| PB 0x0000000087b00000| Untracked 
|  60|0x0000000087c00000, 0x0000000087c00000, 0x0000000087d00000|  0%| F|  |TAMS 0x0000000087c00000| PB 0x0000000087c00000| Untracked 
|  61|0x0000000087d00000, 0x0000000087d00000, 0x0000000087e00000|  0%| F|  |TAMS 0x0000000087d00000| PB 0x0000000087d00000| Untracked 
|  62|0x0000000087e00000, 0x0000000087e00000, 0x0000000087f00000|  0%| F|  |TAMS 0x0000000087e00000| PB 0x0000000087e00000| Untracked 
|  63|0x0000000087f00000, 0x0000000087f00000, 0x0000000088000000|  0%| F|  |TAMS 0x0000000087f00000| PB 0x0000000087f00000| Untracked 
|  64|0x0000000088000000, 0x0000000088000000, 0x0000000088100000|  0%| F|  |TAMS 0x0000000088000000| PB 0x0000000088000000| Untracked 
|  65|0x0000000088100000, 0x0000000088100000, 0x0000000088200000|  0%| F|  |TAMS 0x0000000088100000| PB 0x0000000088100000| Untracked 
|  66|0x0000000088200000, 0x0000000088200000, 0x0000000088300000|  0%| F|  |TAMS 0x0000000088200000| PB 0x0000000088200000| Untracked 
|  67|0x0000000088300000, 0x0000000088300000, 0x0000000088400000|  0%| F|  |TAMS 0x0000000088300000| PB 0x0000000088300000| Untracked 
|  68|0x0000000088400000, 0x0000000088400000, 0x0000000088500000|  0%| F|  |TAMS 0x0000000088400000| PB 0x0000000088400000| Untracked 
|  69|0x0000000088500000, 0x0000000088500000, 0x0000000088600000|  0%| F|  |TAMS 0x0000000088500000| PB 0x0000000088500000| Untracked 
|  70|0x0000000088600000, 0x0000000088600000, 0x0000000088700000|  0%| F|  |TAMS 0x0000000088600000| PB 0x0000000088600000| Untracked 
|  71|0x0000000088700000, 0x0000000088700000, 0x0000000088800000|  0%| F|  |TAMS 0x0000000088700000| PB 0x0000000088700000| Untracked 
|  72|0x0000000088800000, 0x0000000088800000, 0x0000000088900000|  0%| F|  |TAMS 0x0000000088800000| PB 0x0000000088800000| Untracked 
|  73|0x0000000088900000, 0x0000000088900000, 0x0000000088a00000|  0%| F|  |TAMS 0x0000000088900000| PB 0x0000000088900000| Untracked 
|  74|0x0000000088a00000, 0x0000000088a00000, 0x0000000088b00000|  0%| F|  |TAMS 0x0000000088a00000| PB 0x0000000088a00000| Untracked 
|  75|0x0000000088b00000, 0x0000000088b00000, 0x0000000088c00000|  0%| F|  |TAMS 0x0000000088b00000| PB 0x0000000088b00000| Untracked 
|  76|0x0000000088c00000, 0x0000000088c00000, 0x0000000088d00000|  0%| F|  |TAMS 0x0000000088c00000| PB 0x0000000088c00000| Untracked 
|  77|0x0000000088d00000, 0x0000000088d00000, 0x0000000088e00000|  0%| F|  |TAMS 0x0000000088d00000| PB 0x0000000088d00000| Untracked 
|  78|0x0000000088e00000, 0x0000000088e00000, 0x0000000088f00000|  0%| F|  |TAMS 0x0000000088e00000| PB 0x0000000088e00000| Untracked 
|  79|0x0000000088f00000, 0x0000000088f00000, 0x0000000089000000|  0%| F|  |TAMS 0x0000000088f00000| PB 0x0000000088f00000| Untracked 
|  80|0x0000000089000000, 0x0000000089000000, 0x0000000089100000|  0%| F|  |TAMS 0x0000000089000000| PB 0x0000000089000000| Untracked 
|  81|0x0000000089100000, 0x0000000089100000, 0x0000000089200000|  0%| F|  |TAMS 0x0000000089100000| PB 0x0000000089100000| Untracked 
|  82|0x0000000089200000, 0x0000000089200000, 0x0000000089300000|  0%| F|  |TAMS 0x0000000089200000| PB 0x0000000089200000| Untracked 
|  83|0x0000000089300000, 0x0000000089300000, 0x0000000089400000|  0%| F|  |TAMS 0x0000000089300000| PB 0x0000000089300000| Untracked 
|  84|0x0000000089400000, 0x0000000089400000, 0x0000000089500000|  0%| F|  |TAMS 0x0000000089400000| PB 0x0000000089400000| Untracked 
|  85|0x0000000089500000, 0x0000000089500000, 0x0000000089600000|  0%| F|  |TAMS 0x0000000089500000| PB 0x0000000089500000| Untracked 
|  86|0x0000000089600000, 0x0000000089600000, 0x0000000089700000|  0%| F|  |TAMS 0x0000000089600000| PB 0x0000000089600000| Untracked 
|  87|0x0000000089700000, 0x0000000089700000, 0x0000000089800000|  0%| F|  |TAMS 0x0000000089700000| PB 0x0000000089700000| Untracked 
|  88|0x0000000089800000, 0x0000000089800000, 0x0000000089900000|  0%| F|  |TAMS 0x0000000089800000| PB 0x0000000089800000| Untracked 
|  89|0x0000000089900000, 0x0000000089900000, 0x0000000089a00000|  0%| F|  |TAMS 0x0000000089900000| PB 0x0000000089900000| Untracked 
|  90|0x0000000089a00000, 0x0000000089a00000, 0x0000000089b00000|  0%| F|  |TAMS 0x0000000089a00000| PB 0x0000000089a00000| Untracked 
|  91|0x0000000089b00000, 0x0000000089b00000, 0x0000000089c00000|  0%| F|  |TAMS 0x0000000089b00000| PB 0x0000000089b00000| Untracked 
|  92|0x0000000089c00000, 0x0000000089c00000, 0x0000000089d00000|  0%| F|  |TAMS 0x0000000089c00000| PB 0x0000000089c00000| Untracked 
|  93|0x0000000089d00000, 0x0000000089d00000, 0x0000000089e00000|  0%| F|  |TAMS 0x0000000089d00000| PB 0x0000000089d00000| Untracked 
|  94|0x0000000089e00000, 0x0000000089e00000, 0x0000000089f00000|  0%| F|  |TAMS 0x0000000089e00000| PB 0x0000000089e00000| Untracked 
|  95|0x0000000089f00000, 0x0000000089f00000, 0x000000008a000000|  0%| F|  |TAMS 0x0000000089f00000| PB 0x0000000089f00000| Untracked 
|  96|0x000000008a000000, 0x000000008a000000, 0x000000008a100000|  0%| F|  |TAMS 0x000000008a000000| PB 0x000000008a000000| Untracked 
|  97|0x000000008a100000, 0x000000008a100000, 0x000000008a200000|  0%| F|  |TAMS 0x000000008a100000| PB 0x000000008a100000| Untracked 
|  98|0x000000008a200000, 0x000000008a300000, 0x000000008a300000|100%| S|CS|TAMS 0x000000008a200000| PB 0x000000008a200000| Complete 
|  99|0x000000008a300000, 0x000000008a400000, 0x000000008a400000|100%| S|CS|TAMS 0x000000008a300000| PB 0x000000008a300000| Complete 
| 100|0x000000008a400000, 0x000000008a500000, 0x000000008a500000|100%| S|CS|TAMS 0x000000008a400000| PB 0x000000008a400000| Complete 
| 101|0x000000008a500000, 0x000000008a500000, 0x000000008a600000|  0%| F|  |TAMS 0x000000008a500000| PB 0x000000008a500000| Untracked 
| 102|0x000000008a600000, 0x000000008a600000, 0x000000008a700000|  0%| F|  |TAMS 0x000000008a600000| PB 0x000000008a600000| Untracked 
| 103|0x000000008a700000, 0x000000008a700000, 0x000000008a800000|  0%| F|  |TAMS 0x000000008a700000| PB 0x000000008a700000| Untracked 
| 104|0x000000008a800000, 0x000000008a800000, 0x000000008a900000|  0%| F|  |TAMS 0x000000008a800000| PB 0x000000008a800000| Untracked 
| 105|0x000000008a900000, 0x000000008a900000, 0x000000008aa00000|  0%| F|  |TAMS 0x000000008a900000| PB 0x000000008a900000| Untracked 
| 106|0x000000008aa00000, 0x000000008aa00000, 0x000000008ab00000|  0%| F|  |TAMS 0x000000008aa00000| PB 0x000000008aa00000| Untracked 
| 107|0x000000008ab00000, 0x000000008ab00000, 0x000000008ac00000|  0%| F|  |TAMS 0x000000008ab00000| PB 0x000000008ab00000| Untracked 
| 108|0x000000008ac00000, 0x000000008ac00000, 0x000000008ad00000|  0%| F|  |TAMS 0x000000008ac00000| PB 0x000000008ac00000| Untracked 
| 109|0x000000008ad00000, 0x000000008ad00000, 0x000000008ae00000|  0%| F|  |TAMS 0x000000008ad00000| PB 0x000000008ad00000| Untracked 
| 110|0x000000008ae00000, 0x000000008ae00000, 0x000000008af00000|  0%| F|  |TAMS 0x000000008ae00000| PB 0x000000008ae00000| Untracked 
| 111|0x000000008af00000, 0x000000008afd13c0, 0x000000008b000000| 81%| E|  |TAMS 0x000000008af00000| PB 0x000000008af00000| Complete 
| 112|0x000000008b000000, 0x000000008b100000, 0x000000008b100000|100%| E|CS|TAMS 0x000000008b000000| PB 0x000000008b000000| Complete 
| 113|0x000000008b100000, 0x000000008b200000, 0x000000008b200000|100%| E|CS|TAMS 0x000000008b100000| PB 0x000000008b100000| Complete 
| 114|0x000000008b200000, 0x000000008b300000, 0x000000008b300000|100%| E|CS|TAMS 0x000000008b200000| PB 0x000000008b200000| Complete 
| 115|0x000000008b300000, 0x000000008b400000, 0x000000008b400000|100%| E|CS|TAMS 0x000000008b300000| PB 0x000000008b300000| Complete 
| 116|0x000000008b400000, 0x000000008b500000, 0x000000008b500000|100%| E|CS|TAMS 0x000000008b400000| PB 0x000000008b400000| Complete 
| 117|0x000000008b500000, 0x000000008b600000, 0x000000008b600000|100%| E|CS|TAMS 0x000000008b500000| PB 0x000000008b500000| Complete 
| 118|0x000000008b600000, 0x000000008b700000, 0x000000008b700000|100%| E|CS|TAMS 0x000000008b600000| PB 0x000000008b600000| Complete 
| 119|0x000000008b700000, 0x000000008b800000, 0x000000008b800000|100%| E|CS|TAMS 0x000000008b700000| PB 0x000000008b700000| Complete 
| 120|0x000000008b800000, 0x000000008b900000, 0x000000008b900000|100%| E|CS|TAMS 0x000000008b800000| PB 0x000000008b800000| Complete 
| 121|0x000000008b900000, 0x000000008ba00000, 0x000000008ba00000|100%| E|CS|TAMS 0x000000008b900000| PB 0x000000008b900000| Complete 
| 122|0x000000008ba00000, 0x000000008bb00000, 0x000000008bb00000|100%| E|CS|TAMS 0x000000008ba00000| PB 0x000000008ba00000| Complete 
| 123|0x000000008bb00000, 0x000000008bc00000, 0x000000008bc00000|100%| E|CS|TAMS 0x000000008bb00000| PB 0x000000008bb00000| Complete 

Card table byte_map: [0x0000022d488b0000,0x0000022d48c90000] _byte_map_base: 0x0000022d48490000

Marking Bits: (CMBitMap*) 0x0000022d2fa8ebf0
 Bits: [0x0000022d48c90000, 0x0000022d4ab90000)

Polling page: 0x0000022d2dbc0000

Metaspace:

Usage:
  Non-class:     13.85 MB used.
      Class:      2.29 MB used.
       Both:     16.14 MB used.

Virtual space:
  Non-class space:       64.00 MB reserved,      14.06 MB ( 22%) committed,  1 nodes.
      Class space:        1.00 GB reserved,       2.50 MB ( <1%) committed,  1 nodes.
             Both:        1.06 GB reserved,      16.56 MB (  2%) committed. 

Chunk freelists:
   Non-Class:  1.34 MB
       Class:  13.36 MB
        Both:  14.70 MB

MaxMetaspaceSize: unlimited
CompressedClassSpaceSize: 1.00 GB
Initial GC threshold: 21.00 MB
Current GC threshold: 21.00 MB
CDS: on
 - commit_granule_bytes: 65536.
 - commit_granule_words: 8192.
 - virtual_space_node_default_size: 8388608.
 - enlarge_chunks_in_place: 1.
 - use_allocation_guard: 0.


Internal statistics:

num_allocs_failed_limit: 0.
num_arena_births: 398.
num_arena_deaths: 0.
num_vsnodes_births: 2.
num_vsnodes_deaths: 0.
num_space_committed: 265.
num_space_uncommitted: 0.
num_chunks_returned_to_freelist: 0.
num_chunks_taken_from_freelist: 958.
num_chunk_merges: 0.
num_chunk_splits: 644.
num_chunks_enlarged: 448.
num_inconsistent_stats: 0.

CodeHeap 'non-profiled nmethods': size=120000Kb used=1280Kb max_used=1280Kb free=118720Kb
 bounds [0x0000022d40c70000, 0x0000022d40ee0000, 0x0000022d481a0000]
CodeHeap 'profiled nmethods': size=120000Kb used=5828Kb max_used=5828Kb free=114171Kb
 bounds [0x0000022d391a0000, 0x0000022d39760000, 0x0000022d406d0000]
CodeHeap 'non-nmethods': size=5760Kb used=2076Kb max_used=2114Kb free=3683Kb
 bounds [0x0000022d406d0000, 0x0000022d40940000, 0x0000022d40c70000]
 total_blobs=3857 nmethods=3019 adapters=742
 compilation: enabled
              stopped_count=0, restarted_count=0
 full_count=0

Compilation events (20 events):
Event: 3.011 Thread 0x0000022d4d5e5bc0 nmethod 2995 0x0000022d39742b90 code [0x0000022d39742d40, 0x0000022d39742f38]
Event: 3.011 Thread 0x0000022d4d5e5bc0 2992       3       com.sun.javafx.geom.Order3::split (285 bytes)
Event: 3.011 Thread 0x0000022d4d5e5bc0 nmethod 2992 0x0000022d39743010 code [0x0000022d397431c0, 0x0000022d397434e0]
Event: 3.011 Thread 0x0000022d4d5e5bc0 2994       3       com.sun.prism.d3d.D3DRTTexture::createGraphics (9 bytes)
Event: 3.012 Thread 0x0000022d4d5e5bc0 nmethod 2994 0x0000022d39743690 code [0x0000022d39743880, 0x0000022d39743f38]
Event: 3.012 Thread 0x0000022d4d5e5bc0 2996       3       com.sun.javafx.geom.Order3::getX1 (20 bytes)
Event: 3.012 Thread 0x0000022d4d5e5bc0 nmethod 2996 0x0000022d39744190 code [0x0000022d39744340, 0x0000022d397444d0]
Event: 3.013 Thread 0x0000022d4d5e5bc0 2997       3       com.sun.prism.impl.BaseTexture::isSurfaceLost (16 bytes)
Event: 3.014 Thread 0x0000022d4d5e5bc0 nmethod 2997 0x0000022d39744590 code [0x0000022d39744740, 0x0000022d39744b50]
Event: 3.014 Thread 0x0000022d4d5e5bc0 2998       3       com.sun.marlin.Stroker::emitLineToRev (10 bytes)
Event: 3.014 Thread 0x0000022d4d5e5bc0 nmethod 2998 0x0000022d39744c90 code [0x0000022d39744e40, 0x0000022d39744f88]
Event: 3.032 Thread 0x0000022d4d5e5bc0 2999       3       com.sun.javafx.sg.prism.NGNode::accumulateDirtyRegions (112 bytes)
Event: 3.033 Thread 0x0000022d4d5e5bc0 nmethod 2999 0x0000022d39745090 code [0x0000022d39745280, 0x0000022d39745858]
Event: 3.033 Thread 0x0000022d4d5e5bc0 3000       3       com.sun.javafx.geom.transform.Affine3D::deriveWithConcatenation (7 bytes)
Event: 3.033 Thread 0x0000022d4d5e5bc0 nmethod 3000 0x0000022d39745990 code [0x0000022d39745b40, 0x0000022d39745ca0]
Event: 3.033 Thread 0x0000022d4d5e5bc0 3001       3       com.sun.javafx.geom.BoxBounds::getBoundsType (4 bytes)
Event: 3.034 Thread 0x0000022d4d5e5bc0 nmethod 3001 0x0000022d39745d90 code [0x0000022d39745f20, 0x0000022d39746038]
Event: 3.034 Thread 0x0000022d4d5e5bc0 3002       3       com.sun.javafx.font.CompositeStrike::drawAsShapes (11 bytes)
Event: 3.035 Thread 0x0000022d4d5e5bc0 nmethod 3002 0x0000022d39746110 code [0x0000022d397462e0, 0x0000022d39746508]
Event: 3.035 Thread 0x0000022d4d5e5bc0 3003       2       java.util.WeakHashMap::getTable (9 bytes)

GC Heap History (2 events):
Event: 1.396 GC heap before
{Heap before GC invocations=0 (full 0):
 garbage-first heap   total 126976K, used 34816K [0x0000000084000000, 0x0000000100000000)
  region size 1024K, 23 young (23552K), 0 survivors (0K)
 Metaspace       used 10882K, committed 11200K, reserved 1114112K
  class space    used 1477K, committed 1664K, reserved 1048576K
}
Event: 1.403 GC heap after
{Heap after GC invocations=1 (full 0):
 garbage-first heap   total 126976K, used 17877K [0x0000000084000000, 0x0000000100000000)
  region size 1024K, 3 young (3072K), 3 survivors (3072K)
 Metaspace       used 10882K, committed 11200K, reserved 1114112K
  class space    used 1477K, committed 1664K, reserved 1048576K
}

Dll operation events (20 events):
Event: 0.407 Loaded shared library C:\Program Files\Java\zulu21.30.15-ca-fx-jdk21.0.1-win_x64\bin\javafx\api-ms-win-crt-heap-l1-1-0.dll
Event: 0.409 Loaded shared library C:\Program Files\Java\zulu21.30.15-ca-fx-jdk21.0.1-win_x64\bin\javafx\api-ms-win-crt-locale-l1-1-0.dll
Event: 0.412 Loaded shared library C:\Program Files\Java\zulu21.30.15-ca-fx-jdk21.0.1-win_x64\bin\javafx\api-ms-win-crt-math-l1-1-0.dll
Event: 0.414 Loaded shared library C:\Program Files\Java\zulu21.30.15-ca-fx-jdk21.0.1-win_x64\bin\javafx\api-ms-win-crt-multibyte-l1-1-0.dll
Event: 0.416 Loaded shared library C:\Program Files\Java\zulu21.30.15-ca-fx-jdk21.0.1-win_x64\bin\javafx\api-ms-win-crt-private-l1-1-0.dll
Event: 0.418 Loaded shared library C:\Program Files\Java\zulu21.30.15-ca-fx-jdk21.0.1-win_x64\bin\javafx\api-ms-win-crt-process-l1-1-0.dll
Event: 0.419 Loaded shared library C:\Program Files\Java\zulu21.30.15-ca-fx-jdk21.0.1-win_x64\bin\javafx\api-ms-win-crt-runtime-l1-1-0.dll
Event: 0.421 Loaded shared library C:\Program Files\Java\zulu21.30.15-ca-fx-jdk21.0.1-win_x64\bin\javafx\api-ms-win-crt-stdio-l1-1-0.dll
Event: 0.422 Loaded shared library C:\Program Files\Java\zulu21.30.15-ca-fx-jdk21.0.1-win_x64\bin\javafx\api-ms-win-crt-string-l1-1-0.dll
Event: 0.424 Loaded shared library C:\Program Files\Java\zulu21.30.15-ca-fx-jdk21.0.1-win_x64\bin\javafx\api-ms-win-crt-time-l1-1-0.dll
Event: 0.426 Loaded shared library C:\Program Files\Java\zulu21.30.15-ca-fx-jdk21.0.1-win_x64\bin\javafx\api-ms-win-crt-utility-l1-1-0.dll
Event: 0.431 Loaded shared library C:\Program Files\Java\zulu21.30.15-ca-fx-jdk21.0.1-win_x64\bin\javafx\ucrtbase.dll
Event: 0.434 Loaded shared library C:\Program Files\Java\zulu21.30.15-ca-fx-jdk21.0.1-win_x64\bin\javafx\vcruntime140.dll
Event: 0.436 Loaded shared library C:\Program Files\Java\zulu21.30.15-ca-fx-jdk21.0.1-win_x64\bin\javafx\vcruntime140_1.dll
Event: 0.441 Loaded shared library C:\Program Files\Java\zulu21.30.15-ca-fx-jdk21.0.1-win_x64\bin\javafx\msvcp140.dll
Event: 0.444 Loaded shared library C:\Program Files\Java\zulu21.30.15-ca-fx-jdk21.0.1-win_x64\bin\javafx\msvcp140_1.dll
Event: 0.449 Loaded shared library C:\Program Files\Java\zulu21.30.15-ca-fx-jdk21.0.1-win_x64\bin\javafx\msvcp140_2.dll
Event: 0.498 Loaded shared library C:\Program Files\Java\zulu21.30.15-ca-fx-jdk21.0.1-win_x64\bin\javafx\prism_d3d.dll
Event: 0.586 Loaded shared library C:\Program Files\Java\zulu21.30.15-ca-fx-jdk21.0.1-win_x64\bin\javafx\glass.dll
Event: 0.908 Loaded shared library C:\Program Files\Java\zulu21.30.15-ca-fx-jdk21.0.1-win_x64\bin\javafx\javafx_font.dll

Deoptimization events (20 events):
Event: 2.589 Thread 0x0000022d931cd380 DEOPT PACKING pc=0x0000022d3966bf19 sp=0x00000043c08fd6e0
Event: 2.589 Thread 0x0000022d931cd380 DEOPT UNPACKING pc=0x0000022d407288e2 sp=0x00000043c08fcb90 mode 0
Event: 2.652 Thread 0x0000022d931cd380 DEOPT PACKING pc=0x0000022d3966bfc8 sp=0x00000043c08fd3c0
Event: 2.652 Thread 0x0000022d931cd380 DEOPT UNPACKING pc=0x0000022d407288e2 sp=0x00000043c08fc778 mode 0
Event: 2.664 Thread 0x0000022d931cd380 DEOPT PACKING pc=0x0000022d3966bf19 sp=0x00000043c08fd400
Event: 2.664 Thread 0x0000022d931cd380 DEOPT UNPACKING pc=0x0000022d407288e2 sp=0x00000043c08fc8b0 mode 0
Event: 2.670 Thread 0x0000022d931cd380 DEOPT PACKING pc=0x0000022d3966bfc8 sp=0x00000043c08fd040
Event: 2.670 Thread 0x0000022d931cd380 DEOPT UNPACKING pc=0x0000022d407288e2 sp=0x00000043c08fc3f8 mode 0
Event: 2.675 Thread 0x0000022d931cd380 DEOPT PACKING pc=0x0000022d39665b6b sp=0x00000043c08fd3b0
Event: 2.675 Thread 0x0000022d931cd380 DEOPT UNPACKING pc=0x0000022d407288e2 sp=0x00000043c08fc818 mode 0
Event: 2.679 Thread 0x0000022d931cd380 DEOPT PACKING pc=0x0000022d3966bf19 sp=0x00000043c08fd4b0
Event: 2.679 Thread 0x0000022d931cd380 DEOPT UNPACKING pc=0x0000022d407288e2 sp=0x00000043c08fc960 mode 0
Event: 2.680 Thread 0x0000022d931cd380 DEOPT PACKING pc=0x0000022d3966bfc8 sp=0x00000043c08fd3c0
Event: 2.680 Thread 0x0000022d931cd380 DEOPT UNPACKING pc=0x0000022d407288e2 sp=0x00000043c08fc778 mode 0
Event: 2.684 Thread 0x0000022d931cd380 DEOPT PACKING pc=0x0000022d3966bf19 sp=0x00000043c08fcf90
Event: 2.684 Thread 0x0000022d931cd380 DEOPT UNPACKING pc=0x0000022d407288e2 sp=0x00000043c08fc440 mode 0
Event: 2.690 Thread 0x0000022d931cd380 DEOPT PACKING pc=0x0000022d3966bfc8 sp=0x00000043c08fd040
Event: 2.690 Thread 0x0000022d931cd380 DEOPT UNPACKING pc=0x0000022d407288e2 sp=0x00000043c08fc3f8 mode 0
Event: 2.690 Thread 0x0000022d931cd380 DEOPT PACKING pc=0x0000022d3966bf19 sp=0x00000043c08fd040
Event: 2.690 Thread 0x0000022d931cd380 DEOPT UNPACKING pc=0x0000022d407288e2 sp=0x00000043c08fc4f0 mode 0

Classes loaded (20 events):
Event: 2.263 Loading class java/nio/DirectFloatBufferU
Event: 2.263 Loading class java/nio/DirectFloatBufferU done
Event: 2.326 Loading class jdk/internal/ref/CleanerImpl$InnocuousThreadFactory
Event: 2.326 Loading class jdk/internal/ref/CleanerImpl$InnocuousThreadFactory done
Event: 2.335 Loading class sun/misc/Unsafe
Event: 2.336 Loading class sun/misc/Unsafe done
Event: 2.336 Loading class java/lang/invoke/DirectMethodHandle$StaticAccessor
Event: 2.336 Loading class java/lang/invoke/DirectMethodHandle$StaticAccessor done
Event: 2.567 Loading class java/util/EnumMap$Values
Event: 2.567 Loading class java/util/EnumMap$Values done
Event: 2.567 Loading class java/util/EnumMap$ValueIterator
Event: 2.567 Loading class java/util/EnumMap$EnumMapIterator
Event: 2.568 Loading class java/util/EnumMap$EnumMapIterator done
Event: 2.568 Loading class java/util/EnumMap$ValueIterator done
Event: 2.614 Loading class java/lang/FdLibm$Cbrt
Event: 2.614 Loading class java/lang/FdLibm$Cbrt done
Event: 2.619 Loading class java/util/Vector$1
Event: 2.619 Loading class java/util/Vector$1 done
Event: 2.620 Loading class java/lang/FdLibm$Acos
Event: 2.620 Loading class java/lang/FdLibm$Acos done

Classes unloaded (0 events):
No events

Classes redefined (0 events):
No events

Internal exceptions (20 events):
Event: 1.100 Thread 0x0000022d9326e700 Exception <a 'java/lang/NoSuchMethodError'{0x000000008acdb2c0}: 'void java.lang.invoke.DirectMethodHandle$Holder.invokeSpecial(java.lang.Object, java.lang.Object, int)'> (0x000000008acdb2c0) 
thrown [s\src\hotspot\share\interpreter\linkResolver.cpp, line 773]
Event: 1.101 Thread 0x0000022d9326e700 Exception <a 'java/lang/NoSuchMethodError'{0x000000008acdf470}: 'int java.lang.invoke.DirectMethodHandle$Holder.invokeSpecial(java.lang.Object, java.lang.Object, java.lang.Object, int)'> (0x000000008acdf470) 
thrown [s\src\hotspot\share\interpreter\linkResolver.cpp, line 773]
Event: 1.103 Thread 0x0000022d9326e700 Exception <a 'java/lang/NoSuchMethodError'{0x000000008ace95f8}: 'void java.lang.invoke.DelegatingMethodHandle$Holder.reinvoke_L(java.lang.Object, java.lang.Object, int)'> (0x000000008ace95f8) 
thrown [s\src\hotspot\share\interpreter\linkResolver.cpp, line 773]
Event: 1.422 Thread 0x0000022d9326e700 Exception <a 'java/lang/ClassNotFoundException'{0x000000008bbe5ba8}: com/sun/javafx/scene/control/skin/resources/controls> (0x000000008bbe5ba8) 
thrown [s\src\hotspot\share\prims\jni.cpp, line 539]
Event: 1.423 Thread 0x0000022d9326e700 Exception <a 'java/lang/ClassNotFoundException'{0x000000008bbf3d38}: com/sun/javafx/scene/control/skin/resources/controls_en> (0x000000008bbf3d38) 
thrown [s\src\hotspot\share\prims\jni.cpp, line 539]
Event: 1.423 Thread 0x0000022d9326e700 Exception <a 'java/lang/ClassNotFoundException'{0x000000008bbf4cc0}: com/sun/javafx/scene/control/skin/resources/controls_en_US> (0x000000008bbf4cc0) 
thrown [s\src\hotspot\share\prims\jni.cpp, line 539]
Event: 1.497 Thread 0x0000022d9326e700 Exception <a 'sun/nio/fs/WindowsException'{0x000000008babfe60}> (0x000000008babfe60) 
thrown [s\src\hotspot\share\prims\jni.cpp, line 520]
Event: 1.501 Thread 0x0000022d9326e700 Implicit null exception at 0x0000022d40c910e6 to 0x0000022d40c9118a
Event: 1.512 Thread 0x0000022d9326e700 Implicit null exception at 0x0000022d40cdcc1a to 0x0000022d40cdce48
Event: 1.550 Thread 0x0000022d9326e700 Implicit null exception at 0x0000022d40cdc49a to 0x0000022d40cdc6bc
Event: 1.551 Thread 0x0000022d9326e700 Implicit null exception at 0x0000022d40c90a3d to 0x0000022d40c90ac1
Event: 1.720 Thread 0x0000022d9326e700 Exception <a 'java/lang/IncompatibleClassChangeError'{0x000000008b7367e8}: Found class java.lang.Object, but interface was expected> (0x000000008b7367e8) 
thrown [s\src\hotspot\share\interpreter\linkResolver.cpp, line 840]
Event: 1.797 Thread 0x0000022d9326e700 Exception <a 'java/lang/NoSuchMethodError'{0x000000008b62e238}: 'void java.lang.invoke.DirectMethodHandle$Holder.invokeSpecial(java.lang.Object, java.lang.Object, java.lang.Object, java.lang.Object, java.lang.Object, java.lang.Object)'> (0x000000008b62e238) 
thrown [s\src\hotspot\share\interpreter\linkResolver.cpp, line 773]
Event: 2.011 Thread 0x0000022d9326e700 Exception <a 'java/lang/NoSuchMethodError'{0x000000008b35f280}: 'int java.lang.invoke.DirectMethodHandle$Holder.invokeSpecial(java.lang.Object, java.lang.Object, int)'> (0x000000008b35f280) 
thrown [s\src\hotspot\share\interpreter\linkResolver.cpp, line 773]
Event: 2.095 Thread 0x0000022d9326e700 Exception <a 'java/lang/NoSuchMethodError'{0x000000008b3d7fd0}: 'java.lang.Object java.lang.invoke.DirectMethodHandle$Holder.newInvokeSpecial(java.lang.Object, java.lang.Object, int)'> (0x000000008b3d7fd0) 
thrown [s\src\hotspot\share\interpreter\linkResolver.cpp, line 773]
Event: 2.169 Thread 0x0000022d9326e700 Exception <a 'java/lang/NoSuchMethodError'{0x000000008b3e11a8}: 'long java.lang.invoke.DirectMethodHandle$Holder.invokeStatic(java.lang.Object, java.lang.Object, java.lang.Object)'> (0x000000008b3e11a8) 
thrown [s\src\hotspot\share\interpreter\linkResolver.cpp, line 773]
Event: 2.169 Thread 0x0000022d9326e700 Exception <a 'java/lang/NoSuchMethodError'{0x000000008b3e4828}: 'long java.lang.invoke.DirectMethodHandle$Holder.invokeStaticInit(java.lang.Object, java.lang.Object, java.lang.Object)'> (0x000000008b3e4828) 
thrown [s\src\hotspot\share\interpreter\linkResolver.cpp, line 773]
Event: 2.172 Thread 0x0000022d9326e700 Exception <a 'java/lang/NoSuchMethodError'{0x000000008b3f90d0}: 'java.lang.Object java.lang.invoke.DirectMethodHandle$Holder.newInvokeSpecial(java.lang.Object, java.lang.Object, long)'> (0x000000008b3f90d0) 
thrown [s\src\hotspot\share\interpreter\linkResolver.cpp, line 773]
Event: 2.173 Thread 0x0000022d9326e700 Exception <a 'java/lang/NoSuchMethodError'{0x000000008b3fc9c8}: 'java.lang.Object java.lang.invoke.Invokers$Holder.linkToTargetMethod(java.lang.Object, long, java.lang.Object)'> (0x000000008b3fc9c8) 
thrown [s\src\hotspot\share\interpreter\linkResolver.cpp, line 773]
Event: 2.225 Thread 0x0000022d931cd380 Exception <a 'java/lang/NoSuchMethodError'{0x000000008b2696f0}: 'int java.lang.invoke.DirectMethodHandle$Holder.invokeStaticInit(java.lang.Object, java.lang.Object)'> (0x000000008b2696f0) 
thrown [s\src\hotspot\share\interpreter\linkResolver.cpp, line 773]

ZGC Phase Switch (0 events):
No events

VM Operations (20 events):
Event: 1.418 Executing VM operation: HandshakeAllThreads (Deoptimize)
Event: 1.418 Executing VM operation: HandshakeAllThreads (Deoptimize) done
Event: 1.424 Executing VM operation: HandshakeAllThreads (Deoptimize)
Event: 1.424 Executing VM operation: HandshakeAllThreads (Deoptimize) done
Event: 1.487 Executing VM operation: HandshakeAllThreads (Deoptimize)
Event: 1.487 Executing VM operation: HandshakeAllThreads (Deoptimize) done
Event: 1.783 Executing VM operation: HandshakeAllThreads (Deoptimize)
Event: 1.783 Executing VM operation: HandshakeAllThreads (Deoptimize) done
Event: 1.793 Executing VM operation: HandshakeAllThreads (Deoptimize)
Event: 1.793 Executing VM operation: HandshakeAllThreads (Deoptimize) done
Event: 1.794 Executing VM operation: HandshakeAllThreads (Deoptimize)
Event: 1.794 Executing VM operation: HandshakeAllThreads (Deoptimize) done
Event: 1.802 Executing VM operation: ICBufferFull
Event: 1.802 Executing VM operation: ICBufferFull done
Event: 2.072 Executing VM operation: ICBufferFull
Event: 2.072 Executing VM operation: ICBufferFull done
Event: 2.195 Executing VM operation: HandshakeAllThreads (Deoptimize)
Event: 2.196 Executing VM operation: HandshakeAllThreads (Deoptimize) done
Event: 2.761 Executing VM operation: ICBufferFull
Event: 2.762 Executing VM operation: ICBufferFull done

Events (20 events):
Event: 0.059 Thread 0x0000022d4d5cdac0 Thread added: 0x0000022d4d5cdac0
Event: 0.059 Thread 0x0000022d4d5d10b0 Thread added: 0x0000022d4d5d10b0
Event: 0.059 Thread 0x0000022d4d5d1c00 Thread added: 0x0000022d4d5d1c00
Event: 0.059 Thread 0x0000022d4d5d2750 Thread added: 0x0000022d4d5d2750
Event: 0.059 Thread 0x0000022d4d5d5420 Thread added: 0x0000022d4d5d5420
Event: 0.059 Thread 0x0000022d4d5e2fe0 Thread added: 0x0000022d4d5e2fe0
Event: 0.059 Thread 0x0000022d4d5e5bc0 Thread added: 0x0000022d4d5e5bc0
Event: 0.093 Thread 0x0000022d4d7df220 Thread added: 0x0000022d4d7df220
Event: 0.152 Thread 0x0000022d4d914770 Thread added: 0x0000022d4d914770
Event: 0.277 Thread 0x0000022d4d9d9730 Thread added: 0x0000022d4d9d9730
Event: 0.277 Thread 0x0000022d930511a0 Thread added: 0x0000022d930511a0
Event: 0.486 Thread 0x0000022d931cd380 Thread added: 0x0000022d931cd380
Event: 0.587 Thread 0x0000022d4d914770 Thread exited: 0x0000022d4d914770
Event: 0.589 Thread 0x0000022d932297e0 Thread added: 0x0000022d932297e0
Event: 0.591 Thread 0x0000022d9326e700 Thread added: 0x0000022d9326e700
Event: 0.697 Thread 0x0000022d93713a60 Thread added: 0x0000022d93713a60
Event: 0.702 Thread 0x0000022d93708a20 Thread added: 0x0000022d93708a20
Event: 0.929 Thread 0x0000022d93303a90 Thread added: 0x0000022d93303a90
Event: 1.447 Thread 0x0000022d98a8f7a0 Thread added: 0x0000022d98a8f7a0
Event: 2.327 Thread 0x0000022d93745d70 Thread added: 0x0000022d93745d70


Dynamic libraries:
0x00007ff6dddf0000 - 0x00007ff6dddfe000 	C:\Program Files\Java\zulu21.30.15-ca-fx-jdk21.0.1-win_x64\bin\java.exe
0x00007ffd6c6d0000 - 0x00007ffd6c8e6000 	C:\WINDOWS\SYSTEM32\ntdll.dll
0x00007ffd6bd90000 - 0x00007ffd6be54000 	C:\WINDOWS\System32\KERNEL32.DLL
0x00007ffd699f0000 - 0x00007ffd69d97000 	C:\WINDOWS\System32\KERNELBASE.dll
0x00007ffd64120000 - 0x00007ffd641b7000 	C:\WINDOWS\SYSTEM32\apphelp.dll
0x00007ffd69ee0000 - 0x00007ffd69ff1000 	C:\WINDOWS\System32\ucrtbase.dll
0x00007ffd3b4e0000 - 0x00007ffd3b4fb000 	C:\Program Files\Java\zulu21.30.15-ca-fx-jdk21.0.1-win_x64\bin\VCRUNTIME140.dll
0x00007ffd2b7b0000 - 0x00007ffd2b7c8000 	C:\Program Files\Java\zulu21.30.15-ca-fx-jdk21.0.1-win_x64\bin\jli.dll
0x00007ffd6c4d0000 - 0x00007ffd6c67e000 	C:\WINDOWS\System32\USER32.dll
0x00007ffd6a290000 - 0x00007ffd6a2b6000 	C:\WINDOWS\System32\win32u.dll
0x00007ffd462e0000 - 0x00007ffd46573000 	C:\WINDOWS\WinSxS\amd64_microsoft.windows.common-controls_6595b64144ccf1df_6.0.22621.3235_none_270f74e173860f98\COMCTL32.dll
0x00007ffd6c310000 - 0x00007ffd6c339000 	C:\WINDOWS\System32\GDI32.dll
0x00007ffd6a000000 - 0x00007ffd6a119000 	C:\WINDOWS\System32\gdi32full.dll
0x00007ffd69e10000 - 0x00007ffd69eaa000 	C:\WINDOWS\System32\msvcp_win.dll
0x00007ffd6c260000 - 0x00007ffd6c307000 	C:\WINDOWS\System32\msvcrt.dll
0x00007ffd6c210000 - 0x00007ffd6c241000 	C:\WINDOWS\System32\IMM32.DLL
0x00007ffd43360000 - 0x00007ffd4336c000 	C:\Program Files\Java\zulu21.30.15-ca-fx-jdk21.0.1-win_x64\bin\vcruntime140_1.dll
0x00007ffd09c80000 - 0x00007ffd09d0e000 	C:\Program Files\Java\zulu21.30.15-ca-fx-jdk21.0.1-win_x64\bin\msvcp140.dll
0x00007ffcb8230000 - 0x00007ffcb8fbd000 	C:\Program Files\Java\zulu21.30.15-ca-fx-jdk21.0.1-win_x64\bin\server\jvm.dll
0x00007ffd6b6c0000 - 0x00007ffd6b772000 	C:\WINDOWS\System32\ADVAPI32.dll
0x00007ffd6a400000 - 0x00007ffd6a4a8000 	C:\WINDOWS\System32\sechost.dll
0x00007ffd69eb0000 - 0x00007ffd69ed8000 	C:\WINDOWS\System32\bcrypt.dll
0x00007ffd6c0f0000 - 0x00007ffd6c205000 	C:\WINDOWS\System32\RPCRT4.dll
0x00007ffd6b590000 - 0x00007ffd6b601000 	C:\WINDOWS\System32\WS2_32.dll
0x00007ffd69320000 - 0x00007ffd6936d000 	C:\WINDOWS\SYSTEM32\POWRPROF.dll
0x00007ffd5d9a0000 - 0x00007ffd5d9d4000 	C:\WINDOWS\SYSTEM32\WINMM.dll
0x00007ffd5b440000 - 0x00007ffd5b44a000 	C:\WINDOWS\SYSTEM32\VERSION.dll
0x00007ffd69300000 - 0x00007ffd69313000 	C:\WINDOWS\SYSTEM32\UMPDC.dll
0x00007ffd689f0000 - 0x00007ffd68a08000 	C:\WINDOWS\SYSTEM32\kernel.appcore.dll
0x00007ffd40610000 - 0x00007ffd4061a000 	C:\Program Files\Java\zulu21.30.15-ca-fx-jdk21.0.1-win_x64\bin\jimage.dll
0x00007ffd67210000 - 0x00007ffd67443000 	C:\WINDOWS\SYSTEM32\DBGHELP.DLL
0x00007ffd6b780000 - 0x00007ffd6bb08000 	C:\WINDOWS\System32\combase.dll
0x00007ffd6c3a0000 - 0x00007ffd6c477000 	C:\WINDOWS\System32\OLEAUT32.dll
0x00007ffd597f0000 - 0x00007ffd59822000 	C:\WINDOWS\SYSTEM32\dbgcore.DLL
0x00007ffd6a2c0000 - 0x00007ffd6a339000 	C:\WINDOWS\System32\bcryptPrimitives.dll
0x00007ffd5a720000 - 0x00007ffd5a72f000 	C:\Program Files\Java\zulu21.30.15-ca-fx-jdk21.0.1-win_x64\bin\instrument.dll
0x00007ffd29780000 - 0x00007ffd2979f000 	C:\Program Files\Java\zulu21.30.15-ca-fx-jdk21.0.1-win_x64\bin\java.dll
0x00007ffd6a930000 - 0x00007ffd6b18c000 	C:\WINDOWS\System32\SHELL32.dll
0x00007ffd67900000 - 0x00007ffd681f9000 	C:\WINDOWS\SYSTEM32\windows.storage.dll
0x00007ffd677c0000 - 0x00007ffd678fe000 	C:\WINDOWS\SYSTEM32\wintypes.dll
0x00007ffd6b400000 - 0x00007ffd6b4f3000 	C:\WINDOWS\System32\SHCORE.dll
0x00007ffd6bed0000 - 0x00007ffd6bf2e000 	C:\WINDOWS\System32\shlwapi.dll
0x00007ffd69920000 - 0x00007ffd69941000 	C:\WINDOWS\SYSTEM32\profapi.dll
0x00007ffd047a0000 - 0x00007ffd04877000 	C:\Program Files\Java\zulu21.30.15-ca-fx-jdk21.0.1-win_x64\bin\jsvml.dll
0x00007ffd3c440000 - 0x00007ffd3c450000 	C:\Program Files\Java\zulu21.30.15-ca-fx-jdk21.0.1-win_x64\bin\net.dll
0x00007ffd5fd90000 - 0x00007ffd5fec6000 	C:\WINDOWS\SYSTEM32\WINHTTP.dll
0x00007ffd68e50000 - 0x00007ffd68eb9000 	C:\WINDOWS\system32\mswsock.dll
0x00007ffd1ec60000 - 0x00007ffd1ec76000 	C:\Program Files\Java\zulu21.30.15-ca-fx-jdk21.0.1-win_x64\bin\nio.dll
0x00007ffd1d3e0000 - 0x00007ffd1d3f8000 	C:\Program Files\Java\zulu21.30.15-ca-fx-jdk21.0.1-win_x64\bin\zip.dll
0x00007ffd59600000 - 0x00007ffd5961a000 	F:\ideaIU-2024.1.1.win\bin\breakgen64.dll
0x0000022d4db40000 - 0x0000022d4db44000 	C:\Program Files\Java\zulu21.30.15-ca-fx-jdk21.0.1-win_x64\bin\javafx\api-ms-win-core-console-l1-1-0.dll
0x0000022d4db50000 - 0x0000022d4db54000 	C:\Program Files\Java\zulu21.30.15-ca-fx-jdk21.0.1-win_x64\bin\javafx\api-ms-win-core-console-l1-2-0.dll
0x0000022d4db60000 - 0x0000022d4db64000 	C:\Program Files\Java\zulu21.30.15-ca-fx-jdk21.0.1-win_x64\bin\javafx\api-ms-win-core-datetime-l1-1-0.dll
0x0000022d4db70000 - 0x0000022d4db74000 	C:\Program Files\Java\zulu21.30.15-ca-fx-jdk21.0.1-win_x64\bin\javafx\api-ms-win-core-debug-l1-1-0.dll
0x0000022d4db80000 - 0x0000022d4db84000 	C:\Program Files\Java\zulu21.30.15-ca-fx-jdk21.0.1-win_x64\bin\javafx\api-ms-win-core-errorhandling-l1-1-0.dll
0x0000022d4db90000 - 0x0000022d4db95000 	C:\Program Files\Java\zulu21.30.15-ca-fx-jdk21.0.1-win_x64\bin\javafx\api-ms-win-core-file-l1-1-0.dll
0x0000022d4dba0000 - 0x0000022d4dba4000 	C:\Program Files\Java\zulu21.30.15-ca-fx-jdk21.0.1-win_x64\bin\javafx\api-ms-win-core-file-l1-2-0.dll
0x0000022d4dbb0000 - 0x0000022d4dbb4000 	C:\Program Files\Java\zulu21.30.15-ca-fx-jdk21.0.1-win_x64\bin\javafx\api-ms-win-core-file-l2-1-0.dll
0x0000022d4dbc0000 - 0x0000022d4dbc4000 	C:\Program Files\Java\zulu21.30.15-ca-fx-jdk21.0.1-win_x64\bin\javafx\api-ms-win-core-handle-l1-1-0.dll
0x0000022d4dbd0000 - 0x0000022d4dbd4000 	C:\Program Files\Java\zulu21.30.15-ca-fx-jdk21.0.1-win_x64\bin\javafx\api-ms-win-core-heap-l1-1-0.dll
0x0000022d4dbe0000 - 0x0000022d4dbe4000 	C:\Program Files\Java\zulu21.30.15-ca-fx-jdk21.0.1-win_x64\bin\javafx\api-ms-win-core-interlocked-l1-1-0.dll
0x0000022d4dbf0000 - 0x0000022d4dbf4000 	C:\Program Files\Java\zulu21.30.15-ca-fx-jdk21.0.1-win_x64\bin\javafx\api-ms-win-core-libraryloader-l1-1-0.dll
0x0000022d4dc00000 - 0x0000022d4dc04000 	C:\Program Files\Java\zulu21.30.15-ca-fx-jdk21.0.1-win_x64\bin\javafx\api-ms-win-core-localization-l1-2-0.dll
0x0000022d4dc10000 - 0x0000022d4dc14000 	C:\Program Files\Java\zulu21.30.15-ca-fx-jdk21.0.1-win_x64\bin\javafx\api-ms-win-core-memory-l1-1-0.dll
0x0000022d4dc20000 - 0x0000022d4dc24000 	C:\Program Files\Java\zulu21.30.15-ca-fx-jdk21.0.1-win_x64\bin\javafx\api-ms-win-core-namedpipe-l1-1-0.dll
0x0000022d4dc30000 - 0x0000022d4dc34000 	C:\Program Files\Java\zulu21.30.15-ca-fx-jdk21.0.1-win_x64\bin\javafx\api-ms-win-core-processenvironment-l1-1-0.dll
0x0000022d4dc40000 - 0x0000022d4dc44000 	C:\Program Files\Java\zulu21.30.15-ca-fx-jdk21.0.1-win_x64\bin\javafx\api-ms-win-core-processthreads-l1-1-0.dll
0x0000022d4dc50000 - 0x0000022d4dc54000 	C:\Program Files\Java\zulu21.30.15-ca-fx-jdk21.0.1-win_x64\bin\javafx\api-ms-win-core-processthreads-l1-1-1.dll
0x0000022d4dc60000 - 0x0000022d4dc64000 	C:\Program Files\Java\zulu21.30.15-ca-fx-jdk21.0.1-win_x64\bin\javafx\api-ms-win-core-profile-l1-1-0.dll
0x0000022d4dc70000 - 0x0000022d4dc74000 	C:\Program Files\Java\zulu21.30.15-ca-fx-jdk21.0.1-win_x64\bin\javafx\api-ms-win-core-rtlsupport-l1-1-0.dll
0x0000022d4dc80000 - 0x0000022d4dc84000 	C:\Program Files\Java\zulu21.30.15-ca-fx-jdk21.0.1-win_x64\bin\javafx\api-ms-win-core-string-l1-1-0.dll
0x0000022d4dc90000 - 0x0000022d4dc94000 	C:\Program Files\Java\zulu21.30.15-ca-fx-jdk21.0.1-win_x64\bin\javafx\api-ms-win-core-synch-l1-1-0.dll
0x0000022d4dca0000 - 0x0000022d4dca4000 	C:\Program Files\Java\zulu21.30.15-ca-fx-jdk21.0.1-win_x64\bin\javafx\api-ms-win-core-synch-l1-2-0.dll
0x0000022d4dcb0000 - 0x0000022d4dcb4000 	C:\Program Files\Java\zulu21.30.15-ca-fx-jdk21.0.1-win_x64\bin\javafx\api-ms-win-core-sysinfo-l1-1-0.dll
0x0000022d4dcc0000 - 0x0000022d4dcc4000 	C:\Program Files\Java\zulu21.30.15-ca-fx-jdk21.0.1-win_x64\bin\javafx\api-ms-win-core-timezone-l1-1-0.dll
0x0000022d4dcd0000 - 0x0000022d4dcd4000 	C:\Program Files\Java\zulu21.30.15-ca-fx-jdk21.0.1-win_x64\bin\javafx\api-ms-win-core-util-l1-1-0.dll
0x0000022d4dce0000 - 0x0000022d4dce4000 	C:\Program Files\Java\zulu21.30.15-ca-fx-jdk21.0.1-win_x64\bin\javafx\api-ms-win-crt-conio-l1-1-0.dll
0x0000022d4dcf0000 - 0x0000022d4dcf5000 	C:\Program Files\Java\zulu21.30.15-ca-fx-jdk21.0.1-win_x64\bin\javafx\api-ms-win-crt-convert-l1-1-0.dll
0x0000022d4dd00000 - 0x0000022d4dd04000 	C:\Program Files\Java\zulu21.30.15-ca-fx-jdk21.0.1-win_x64\bin\javafx\api-ms-win-crt-environment-l1-1-0.dll
0x0000022d4dd10000 - 0x0000022d4dd14000 	C:\Program Files\Java\zulu21.30.15-ca-fx-jdk21.0.1-win_x64\bin\javafx\api-ms-win-crt-filesystem-l1-1-0.dll
0x0000022d4dd20000 - 0x0000022d4dd24000 	C:\Program Files\Java\zulu21.30.15-ca-fx-jdk21.0.1-win_x64\bin\javafx\api-ms-win-crt-heap-l1-1-0.dll
0x0000022d4dd30000 - 0x0000022d4dd34000 	C:\Program Files\Java\zulu21.30.15-ca-fx-jdk21.0.1-win_x64\bin\javafx\api-ms-win-crt-locale-l1-1-0.dll
0x0000022d4dd40000 - 0x0000022d4dd46000 	C:\Program Files\Java\zulu21.30.15-ca-fx-jdk21.0.1-win_x64\bin\javafx\api-ms-win-crt-math-l1-1-0.dll
0x0000022d4dd50000 - 0x0000022d4dd56000 	C:\Program Files\Java\zulu21.30.15-ca-fx-jdk21.0.1-win_x64\bin\javafx\api-ms-win-crt-multibyte-l1-1-0.dll
0x0000022d4dd60000 - 0x0000022d4dd71000 	C:\Program Files\Java\zulu21.30.15-ca-fx-jdk21.0.1-win_x64\bin\javafx\api-ms-win-crt-private-l1-1-0.dll
0x0000022d4dd80000 - 0x0000022d4dd84000 	C:\Program Files\Java\zulu21.30.15-ca-fx-jdk21.0.1-win_x64\bin\javafx\api-ms-win-crt-process-l1-1-0.dll
0x0000022d4dd90000 - 0x0000022d4dd95000 	C:\Program Files\Java\zulu21.30.15-ca-fx-jdk21.0.1-win_x64\bin\javafx\api-ms-win-crt-runtime-l1-1-0.dll
0x0000022d4dda0000 - 0x0000022d4dda5000 	C:\Program Files\Java\zulu21.30.15-ca-fx-jdk21.0.1-win_x64\bin\javafx\api-ms-win-crt-stdio-l1-1-0.dll
0x0000022d4ddb0000 - 0x0000022d4ddb5000 	C:\Program Files\Java\zulu21.30.15-ca-fx-jdk21.0.1-win_x64\bin\javafx\api-ms-win-crt-string-l1-1-0.dll
0x0000022d4ddc0000 - 0x0000022d4ddc4000 	C:\Program Files\Java\zulu21.30.15-ca-fx-jdk21.0.1-win_x64\bin\javafx\api-ms-win-crt-time-l1-1-0.dll
0x0000022d4ddd0000 - 0x0000022d4ddd4000 	C:\Program Files\Java\zulu21.30.15-ca-fx-jdk21.0.1-win_x64\bin\javafx\api-ms-win-crt-utility-l1-1-0.dll
0x00007ffd04970000 - 0x00007ffd04a80000 	C:\Program Files\Java\zulu21.30.15-ca-fx-jdk21.0.1-win_x64\bin\javafx\ucrtbase.dll
0x00007ffd1bf40000 - 0x00007ffd1bf5b000 	C:\Program Files\Java\zulu21.30.15-ca-fx-jdk21.0.1-win_x64\bin\javafx\vcruntime140.dll
0x00007ffd3b3c0000 - 0x00007ffd3b3cc000 	C:\Program Files\Java\zulu21.30.15-ca-fx-jdk21.0.1-win_x64\bin\javafx\vcruntime140_1.dll
0x00007ffd06460000 - 0x00007ffd064ee000 	C:\Program Files\Java\zulu21.30.15-ca-fx-jdk21.0.1-win_x64\bin\javafx\msvcp140.dll
0x00007ffd3a510000 - 0x00007ffd3a519000 	C:\Program Files\Java\zulu21.30.15-ca-fx-jdk21.0.1-win_x64\bin\javafx\msvcp140_1.dll
0x00007ffd09820000 - 0x00007ffd09861000 	C:\Program Files\Java\zulu21.30.15-ca-fx-jdk21.0.1-win_x64\bin\javafx\msvcp140_2.dll
0x00007ffd1a7b0000 - 0x00007ffd1a7e0000 	C:\Program Files\Java\zulu21.30.15-ca-fx-jdk21.0.1-win_x64\bin\javafx\prism_d3d.dll
0x00007ffd2dbc0000 - 0x00007ffd2dd69000 	C:\WINDOWS\system32\d3d9.dll
0x00007ffd669e0000 - 0x00007ffd66a0b000 	C:\WINDOWS\SYSTEM32\dwmapi.dll
0x00007ffd66880000 - 0x00007ffd668b9000 	C:\WINDOWS\SYSTEM32\dxcore.dll
0x00007ffd667a0000 - 0x00007ffd6684b000 	C:\WINDOWS\system32\uxtheme.dll
0x00007ffd11fc0000 - 0x00007ffd1216c000 	C:\WINDOWS\System32\DriverStore\FileRepository\iigd_dch.inf_amd64_9b53505f87f3498b\igdumdim64.dll
0x00007ffd6bb90000 - 0x00007ffd6bd35000 	C:\WINDOWS\System32\ole32.dll
0x00007ffcfcf10000 - 0x00007ffd01774000 	C:\WINDOWS\System32\DriverStore\FileRepository\iigd_dch.inf_amd64_9b53505f87f3498b\igd9dxva64.dll
0x00007ffd6a4b0000 - 0x00007ffd6a924000 	C:\WINDOWS\System32\SETUPAPI.dll
0x00007ffd696e0000 - 0x00007ffd6972e000 	C:\WINDOWS\SYSTEM32\cfgmgr32.dll
0x00007ffd5b5e0000 - 0x00007ffd5b9e9000 	C:\WINDOWS\System32\DriverStore\FileRepository\iigd_dch.inf_amd64_9b53505f87f3498b\igdgmm64.dll
0x00007ffd62020000 - 0x00007ffd6206a000 	C:\WINDOWS\SYSTEM32\directxdatabasehelper.dll
0x00007ffd08d10000 - 0x00007ffd08d52000 	C:\Program Files\Java\zulu21.30.15-ca-fx-jdk21.0.1-win_x64\bin\javafx\glass.dll
0x00007ffd6b300000 - 0x00007ffd6b3f9000 	C:\WINDOWS\System32\COMDLG32.dll
0x00007ffd6b190000 - 0x00007ffd6b2e3000 	C:\WINDOWS\System32\MSCTF.dll
0x00007ffd0c870000 - 0x00007ffd0c897000 	C:\WINDOWS\System32\DriverStore\FileRepository\iigd_dch.inf_amd64_9b53505f87f3498b\igdinfo64.dll
0x00007ffd52620000 - 0x00007ffd56ca4000 	C:\WINDOWS\System32\DriverStore\FileRepository\iigd_dch.inf_amd64_9b53505f87f3498b\igc64.dll
0x00007ffd12c10000 - 0x00007ffd12c24000 	C:\Program Files\Java\zulu21.30.15-ca-fx-jdk21.0.1-win_x64\bin\javafx\javafx_font.dll
0x00007ffd62be0000 - 0x00007ffd62e54000 	C:\WINDOWS\SYSTEM32\dwrite.dll
0x00007ffd6b610000 - 0x00007ffd6b6c0000 	C:\WINDOWS\System32\clbcatq.dll
0x00007ffd62640000 - 0x00007ffd627f0000 	C:\WINDOWS\SYSTEM32\WindowsCodecs.dll
0x00007ffd38e50000 - 0x00007ffd38eae000 	C:\WINDOWS\system32\dataexchange.dll
0x00007ffd5f870000 - 0x00007ffd5fafe000 	C:\WINDOWS\system32\twinapi.appcore.dll
0x00007ffd2b1d0000 - 0x00007ffd2b202000 	C:\Program Files\Common Files\Microsoft Shared\Ink\rtscom.dll
0x00007ffd409d0000 - 0x00007ffd40b1a000 	C:\WINDOWS\SYSTEM32\textinputframework.dll
0x00007ffd63e30000 - 0x00007ffd63f64000 	C:\WINDOWS\SYSTEM32\CoreMessaging.dll
0x00007ffd61380000 - 0x00007ffd616ec000 	C:\WINDOWS\SYSTEM32\CoreUIComponents.dll
0x00007ffd69180000 - 0x00007ffd6918c000 	C:\WINDOWS\SYSTEM32\CRYPTBASE.DLL

dbghelp: loaded successfully - version: 4.0.5 - missing functions: none
symbol engine: initialized successfully - sym options: 0x614 - pdb path: .;C:\Program Files\Java\zulu21.30.15-ca-fx-jdk21.0.1-win_x64\bin;C:\WINDOWS\SYSTEM32;C:\WINDOWS\WinSxS\amd64_microsoft.windows.common-controls_6595b64144ccf1df_6.0.22621.3235_none_270f74e173860f98;C:\Program Files\Java\zulu21.30.15-ca-fx-jdk21.0.1-win_x64\bin\server;F:\ideaIU-2024.1.1.win\bin;C:\Program Files\Java\zulu21.30.15-ca-fx-jdk21.0.1-win_x64\bin\javafx;C:\WINDOWS\System32\DriverStore\FileRepository\iigd_dch.inf_amd64_9b53505f87f3498b;C:\Program Files\Common Files\Microsoft Shared\Ink

VM Arguments:
jvm_args: -javaagent:F:\ideaIU-2024.1.1.win\lib\idea_rt.jar=50712:F:\ideaIU-2024.1.1.win\bin -Dfile.encoding=UTF-8 -Dsun.stdout.encoding=UTF-8 -Dsun.stderr.encoding=UTF-8 --module-path=C:\Users\HP\.m2\repository\org\openjfx\javafx-fxml\21\javafx-fxml-21-win.jar;C:\Users\HP\.m2\repository\org\openjfx\javafx-controls\21\javafx-controls-21-win.jar;C:\Users\HP\Desktop\Let's hope it works\intilij\PharmacyV1\target\classes;C:\Users\HP\.m2\repository\org\openjfx\javafx-base\21\javafx-base-21-win.jar;C:\Users\HP\.m2\repository\org\openjfx\javafx-graphics\21\javafx-graphics-21-win.jar -Djdk.module.main=project.pharmacyv1 
java_command: project.pharmacyv1/project.pharmacyv1.Main
java_class_path (initial): C:\Users\HP\.m2\repository\org\openjfx\javafx-controls\21\javafx-controls-21.jar;C:\Users\HP\.m2\repository\org\openjfx\javafx-graphics\21\javafx-graphics-21.jar;C:\Users\HP\.m2\repository\org\openjfx\javafx-base\21\javafx-base-21.jar;C:\Users\HP\.m2\repository\org\openjfx\javafx-fxml\21\javafx-fxml-21.jar
Launcher Type: SUN_STANDARD

[Global flags]
     intx CICompilerCount                          = 4                                         {product} {ergonomic}
     uint ConcGCThreads                            = 2                                         {product} {ergonomic}
     uint G1ConcRefinementThreads                  = 8                                         {product} {ergonomic}
   size_t G1HeapRegionSize                         = 1048576                                   {product} {ergonomic}
    uintx GCDrainStackTargetSize                   = 64                                        {product} {ergonomic}
   size_t InitialHeapSize                          = 130023424                                 {product} {ergonomic}
   size_t MarkStackSize                            = 4194304                                   {product} {ergonomic}
   size_t MaxHeapSize                              = 2080374784                                {product} {ergonomic}
   size_t MaxNewSize                               = 1247805440                                {product} {ergonomic}
   size_t MinHeapDeltaBytes                        = 1048576                                   {product} {ergonomic}
   size_t MinHeapSize                              = 8388608                                   {product} {ergonomic}
    uintx NonNMethodCodeHeapSize                   = 5839372                                {pd product} {ergonomic}
    uintx NonProfiledCodeHeapSize                  = 122909434                              {pd product} {ergonomic}
    uintx ProfiledCodeHeapSize                     = 122909434                              {pd product} {ergonomic}
    uintx ReservedCodeCacheSize                    = 251658240                              {pd product} {ergonomic}
     bool SegmentedCodeCache                       = true                                      {product} {ergonomic}
   size_t SoftMaxHeapSize                          = 2080374784                             {manageable} {ergonomic}
     bool UseCompressedOops                        = true                           {product lp64_product} {ergonomic}
     bool UseG1GC                                  = true                                      {product} {ergonomic}
     bool UseLargePagesIndividualAllocation        = false                                  {pd product} {ergonomic}

Logging:
Log output configuration:
 #0: stdout all=warning uptime,level,tags foldmultilines=false
 #1: stderr all=off uptime,level,tags foldmultilines=false

Environment Variables:
PATH=C:\oraclexe\app\oracle\product\10.2.0\server\bin;C:\Program Files\Common Files\Oracle\Java\javapath;C:\llvm-mingw-20230320-msvcrt-x86_64\bin;C:\Windows\system32;C:\Windows;C:\Windows\System32\Wbem;C:\Windows\System32\WindowsPowerShell\v1.0\;C:\Windows\System32\OpenSSH\;C:\Program Files\NVIDIA Corporation\NVIDIA NvDLISR;C:\Program Files\dotnet\;F:\TDM\bin;C:\Program Files\nodejs\;C:\ProgramData\chocolatey\bin;C:\Program Files (x86)\dotnet\;C:\Program Files (x86)\Tesseract-OCR;C:\Program Files (x86)\NVIDIA Corporation\PhysX\Common;C:\WINDOWS\system32;C:\WINDOWS;C:\WINDOWS\System32\Wbem;C:\WINDOWS\System32\WindowsPowerShell\v1.0\;C:\WINDOWS\System32\OpenSSH\;C:\Program Files (x86)\Microsoft SQL Server\160\DTS\Binn\;C:\Program Files\Azure Data Studio\bin;C:\Program Files (x86)\Microsoft SQL Server\160\Tools\Binn\;C:\Program Files\Microsoft SQL Server\160\Tools\Binn\;C:\Program Files\Microsoft SQL Server\Client SDK\ODBC\170\Tools\Binn\;C:\Program Files\Microsoft SQL Server\160\DTS\Binn\;C:\xampp\php;C:\Program Files\MySQL\MySQL Server 8.0\bin;C:\Program Files\MySQL\MySQL Connector C 6.1\bin;C:\Users\HP\AppData\Local\Programs\Python\Python311\Scripts\;C:\Users\HP\AppData\Local\Programs\Python\Python311\;C:\Users\HP\AppData\Local\Microsoft\WindowsApps;C:\AIRSDK\bin;;C:\Users\HP\AppData\Local\Programs\Microsoft VS Code\bin;C:\Users\HP\AppData\Roaming\npm;C:\Program Files\Azure Data Studio\bin
USERNAME=HP
OS=Windows_NT
PROCESSOR_IDENTIFIER=Intel64 Family 6 Model 140 Stepping 1, GenuineIntel
TMP=C:\Users\HP\AppData\Local\Temp
TEMP=C:\Users\HP\AppData\Local\Temp




Periodic native trim disabled

---------------  S Y S T E M  ---------------

OS:
 Windows 11 , 64 bit Build 22621 (10.0.22621.3374)
OS uptime: 2 days 10:19 hours
Hyper-V role detected

CPU: total 8 (initial active 8) (4 cores per cpu, 2 threads per core) family 6 model 140 stepping 1 microcode 0x86, cx8, cmov, fxsr, ht, mmx, 3dnowpref, sse, sse2, sse3, ssse3, sse4.1, sse4.2, popcnt, lzcnt, tsc, tscinvbit, avx, avx2, aes, erms, clmul, bmi1, bmi2, adx, avx512f, avx512dq, avx512cd, avx512bw, avx512vl, sha, fma, vzeroupper, avx512_vpopcntdq, avx512_vpclmulqdq, avx512_vaes, avx512_vnni, clflush, clflushopt, clwb, avx512_vbmi2, avx512_vbmi, hv, rdtscp, rdpid, fsrm, gfni, avx512_bitalg, f16c, cet_ibt, cet_ss, avx512_ifma
Processor Information for all 8 processors :
  Max Mhz: 2419, Current Mhz: 2419, Mhz Limit: 2419

Memory: 4k page, system-wide physical 7932M (463M free)
TotalPageFile size 24183M (AvailPageFile size 5M)
current process WorkingSet (physical memory assigned to process): 239M, peak: 240M
current process commit charge ("private bytes"): 347M, peak: 347M

vm_info: OpenJDK 64-Bit Server VM (21.0.1+12-LTS) for windows-amd64 JRE (21.0.1+12-LTS) (Zulu21.30+15-CA), built on 2023-10-11T21:38:45Z by "zulu_re" with MS VC++ 17.1 (VS2022)

END.
